Determining if the pthread_create exist failed with the following output:
Change Dir: /home/davincic2/dv_vision_pipeline_ws/build/CMakeFiles/CMakeTmp

Run Build Command:/usr/bin/make "cmTryCompileExec2665571063/fast"
/usr/bin/make -f CMakeFiles/cmTryCompileExec2665571063.dir/build.make CMakeFiles/cmTryCompileExec2665571063.dir/build
make[1]: Entering directory `/home/davincic2/dv_vision_pipeline_ws/build/CMakeFiles/CMakeTmp'
/usr/bin/cmake -E cmake_progress_report /home/davincic2/dv_vision_pipeline_ws/build/CMakeFiles/CMakeTmp/CMakeFiles 1
Building C object CMakeFiles/cmTryCompileExec2665571063.dir/CheckSymbolExists.c.o
/usr/bin/cc    -o CMakeFiles/cmTryCompileExec2665571063.dir/CheckSymbolExists.c.o   -c /home/davincic2/dv_vision_pipeline_ws/build/CMakeFiles/CMakeTmp/CheckSymbolExists.c
Linking C executable cmTryCompileExec2665571063
/usr/bin/cmake -E cmake_link_script CMakeFiles/cmTryCompileExec2665571063.dir/link.txt --verbose=1
/usr/bin/cc       CMakeFiles/cmTryCompileExec2665571063.dir/CheckSymbolExists.c.o  -o cmTryCompileExec2665571063 -rdynamic 
CMakeFiles/cmTryCompileExec2665571063.dir/CheckSymbolExists.c.o: In function `main':
CheckSymbolExists.c:(.text+0x16): undefined reference to `pthread_create'
collect2: error: ld returned 1 exit status
make[1]: Leaving directory `/home/davincic2/dv_vision_pipeline_ws/build/CMakeFiles/CMakeTmp'
make[1]: *** [cmTryCompileExec2665571063] Error 1
make: *** [cmTryCompileExec2665571063/fast] Error 2

File /home/davincic2/dv_vision_pipeline_ws/build/CMakeFiles/CMakeTmp/CheckSymbolExists.c:
/* */
#include <pthread.h>

int main(int argc, char** argv)
{
  (void)argv;
#ifndef pthread_create
  return ((int*)(&pthread_create))[argc];
#else
  (void)argc;
  return 0;
#endif
}

Determining if the function pthread_create exists in the pthreads failed with the following output:
Change Dir: /home/davincic2/dv_vision_pipeline_ws/build/CMakeFiles/CMakeTmp

Run Build Command:/usr/bin/make "cmTryCompileExec2249794980/fast"
/usr/bin/make -f CMakeFiles/cmTryCompileExec2249794980.dir/build.make CMakeFiles/cmTryCompileExec2249794980.dir/build
make[1]: Entering directory `/home/davincic2/dv_vision_pipeline_ws/build/CMakeFiles/CMakeTmp'
/usr/bin/cmake -E cmake_progress_report /home/davincic2/dv_vision_pipeline_ws/build/CMakeFiles/CMakeTmp/CMakeFiles 1
Building C object CMakeFiles/cmTryCompileExec2249794980.dir/CheckFunctionExists.c.o
/usr/bin/cc   -DCHECK_FUNCTION_EXISTS=pthread_create   -o CMakeFiles/cmTryCompileExec2249794980.dir/CheckFunctionExists.c.o   -c /usr/share/cmake-2.8/Modules/CheckFunctionExists.c
Linking C executable cmTryCompileExec2249794980
/usr/bin/cmake -E cmake_link_script CMakeFiles/cmTryCompileExec2249794980.dir/link.txt --verbose=1
/usr/bin/cc   -DCHECK_FUNCTION_EXISTS=pthread_create    CMakeFiles/cmTryCompileExec2249794980.dir/CheckFunctionExists.c.o  -o cmTryCompileExec2249794980 -rdynamic -lpthreads 
/usr/bin/ld: cannot find -lpthreads
collect2: error: ld returned 1 exit status
make[1]: Leaving directory `/home/davincic2/dv_vision_pipeline_ws/build/CMakeFiles/CMakeTmp'
make[1]: *** [cmTryCompileExec2249794980] Error 1
make: *** [cmTryCompileExec2249794980/fast] Error 2


